Performing C SOURCE FILE Test CMAKE_HAVE_LIBC_PTHREAD failed with the following output:
Change Dir: /home/peter/Documents/learning/C++/OpenGL/test_project1/glfw-3.3.4/build/CMakeFiles/CMakeTmp

Run Build Command(s):/usr/bin/make -f Makefile cmTC_dd7e8/fast && /usr/bin/make  -f CMakeFiles/cmTC_dd7e8.dir/build.make CMakeFiles/cmTC_dd7e8.dir/build
make[1]: Entering directory '/home/peter/Documents/learning/C++/OpenGL/test_project1/glfw-3.3.4/build/CMakeFiles/CMakeTmp'
Building C object CMakeFiles/cmTC_dd7e8.dir/src.c.o
/usr/bin/cc -DCMAKE_HAVE_LIBC_PTHREAD   -o CMakeFiles/cmTC_dd7e8.dir/src.c.o -c /home/peter/Documents/learning/C++/OpenGL/test_project1/glfw-3.3.4/build/CMakeFiles/CMakeTmp/src.c
Linking C executable cmTC_dd7e8
/snap/cmake/876/bin/cmake -E cmake_link_script CMakeFiles/cmTC_dd7e8.dir/link.txt --verbose=1
/usr/bin/cc -rdynamic CMakeFiles/cmTC_dd7e8.dir/src.c.o -o cmTC_dd7e8 
CMakeFiles/cmTC_dd7e8.dir/src.c.o: In function `main':
src.c:(.text+0x3e): undefined reference to `pthread_create'
src.c:(.text+0x4a): undefined reference to `pthread_detach'
src.c:(.text+0x56): undefined reference to `pthread_cancel'
src.c:(.text+0x67): undefined reference to `pthread_join'
src.c:(.text+0x7b): undefined reference to `pthread_atfork'
collect2: error: ld returned 1 exit status
CMakeFiles/cmTC_dd7e8.dir/build.make:98: recipe for target 'cmTC_dd7e8' failed
make[1]: *** [cmTC_dd7e8] Error 1
make[1]: Leaving directory '/home/peter/Documents/learning/C++/OpenGL/test_project1/glfw-3.3.4/build/CMakeFiles/CMakeTmp'
Makefile:127: recipe for target 'cmTC_dd7e8/fast' failed
make: *** [cmTC_dd7e8/fast] Error 2


Source file was:
#include <pthread.h>

static void* test_func(void* data)
{
  return data;
}

int main(void)
{
  pthread_t thread;
  pthread_create(&thread, NULL, test_func, NULL);
  pthread_detach(thread);
  pthread_cancel(thread);
  pthread_join(thread, NULL);
  pthread_atfork(NULL, NULL, NULL);
  pthread_exit(NULL);

  return 0;
}

Determining if the function pthread_create exists in the pthreads failed with the following output:
Change Dir: /home/peter/Documents/learning/C++/OpenGL/test_project1/glfw-3.3.4/build/CMakeFiles/CMakeTmp

Run Build Command(s):/usr/bin/make -f Makefile cmTC_2816d/fast && /usr/bin/make  -f CMakeFiles/cmTC_2816d.dir/build.make CMakeFiles/cmTC_2816d.dir/build
make[1]: Entering directory '/home/peter/Documents/learning/C++/OpenGL/test_project1/glfw-3.3.4/build/CMakeFiles/CMakeTmp'
Building C object CMakeFiles/cmTC_2816d.dir/CheckFunctionExists.c.o
/usr/bin/cc   -DCHECK_FUNCTION_EXISTS=pthread_create -o CMakeFiles/cmTC_2816d.dir/CheckFunctionExists.c.o -c /snap/cmake/876/share/cmake-3.20/Modules/CheckFunctionExists.c
Linking C executable cmTC_2816d
/snap/cmake/876/bin/cmake -E cmake_link_script CMakeFiles/cmTC_2816d.dir/link.txt --verbose=1
/usr/bin/cc  -DCHECK_FUNCTION_EXISTS=pthread_create -rdynamic CMakeFiles/cmTC_2816d.dir/CheckFunctionExists.c.o -o cmTC_2816d  -lpthreads 
/usr/bin/ld: cannot find -lpthreads
collect2: error: ld returned 1 exit status
CMakeFiles/cmTC_2816d.dir/build.make:98: recipe for target 'cmTC_2816d' failed
make[1]: *** [cmTC_2816d] Error 1
make[1]: Leaving directory '/home/peter/Documents/learning/C++/OpenGL/test_project1/glfw-3.3.4/build/CMakeFiles/CMakeTmp'
Makefile:127: recipe for target 'cmTC_2816d/fast' failed
make: *** [cmTC_2816d/fast] Error 2



